<?xml version="1.0" encoding="UTF-8"?>
<!-- Generated by org.testng.reporters.JUnitReportReporter -->
<testsuite hostname="TJ-" failures="0" tests="1" name="testrunner.TestRunner" time="90.320" errors="0" timestamp="2023-05-25T22:56:45 IST" skipped="0">
  <testcase classname="testrunner.TestRunner" name="runScenario" time="90.320"/>
  <system-out/>
</testsuite> <!-- testrunner.TestRunner -->
